<?xml version="1.0" encoding="UTF-8"?>
<!-- Generated by org.testng.reporters.JUnitReportReporter -->
<testsuite skipped="0" hostname="BlrIS-AmbhrajY" name="FirstTest.CNN" tests="1" failures="0" timestamp="30 Sep 2018 16:44:57 GMT" time="37.590" errors="1">
  <testcase name="setup" time="37.590" classname="FirstTest.CNN">
    <error type="java.lang.ClassCastException" message="FirstTest.CNN cannot be cast to FirstTest.BaseTest">
      <![CDATA[java.lang.ClassCastException: FirstTest.CNN cannot be cast to FirstTest.BaseTest
at Listener.Retry.extendReportsFailOperations(Retry.java:36)
at Listener.Retry.retry(Retry.java:25)
at org.testng.internal.Invoker.handleInvocationResults(Invoker.java:1164)
at org.testng.internal.Invoker.invokeMethod(Invoker.java:619)
at org.testng.internal.Invoker.invokeTestMethod(Invoker.java:719)
at org.testng.internal.Invoker.invokeTestMethods(Invoker.java:989)
at org.testng.internal.TestMethodWorker.invokeTestMethods(TestMethodWorker.java:125)
at org.testng.internal.TestMethodWorker.run(TestMethodWorker.java:109)
at org.testng.TestRunner.privateRun(TestRunner.java:648)
at org.testng.TestRunner.run(TestRunner.java:505)
at org.testng.SuiteRunner.runTest(SuiteRunner.java:455)
at org.testng.SuiteRunner.runSequentially(SuiteRunner.java:450)
at org.testng.SuiteRunner.privateRun(SuiteRunner.java:415)
at org.testng.SuiteRunner.run(SuiteRunner.java:364)
at org.testng.SuiteRunnerWorker.runSuite(SuiteRunnerWorker.java:52)
at org.testng.SuiteRunnerWorker.run(SuiteRunnerWorker.java:84)
at org.testng.TestNG.runSuitesSequentially(TestNG.java:1208)
at org.testng.TestNG.runSuitesLocally(TestNG.java:1137)
at org.testng.TestNG.runSuites(TestNG.java:1049)
at org.testng.TestNG.run(TestNG.java:1017)
at org.testng.remote.AbstractRemoteTestNG.run(AbstractRemoteTestNG.java:114)
at org.testng.remote.RemoteTestNG.initAndRun(RemoteTestNG.java:251)
at org.testng.remote.RemoteTestNG.main(RemoteTestNG.java:77)
]]>
    </error>
  </testcase> <!-- setup -->
</testsuite> <!-- FirstTest.CNN -->
